build/app/intermediates/manifest_merge_blame_file/debug/manifest-merger-blame-debug-report.txt
1<?xml version="1.0" encoding="utf-8"?>
2<manifest xmlns:android="http://schemas.android.com/apk/res/android"
3    package="com.example.monex"
4    android:versionCode="1"
5    android:versionName="1.0.0" >
6    <!--
7        <uses-permission android:name="android.permission.CAMERA" />
8        <uses-permission android:name="android.permission.FLASHLIGHT" />
9    -->
10    <uses-sdk
11        android:minSdkVersion="16"
12        android:targetSdkVersion="28" />
13    <!--
14         Flutter needs it to communicate with the running application
15         to allow setting breakpoints, to provide hot reload, etc.
16    -->
17    <uses-permission android:name="android.permission.INTERNET" />
17-->src/debug/AndroidManifest.xml:6:5-66
17-->src/debug/AndroidManifest.xml:6:22-64
18    <uses-permission android:name="android.permission.READ_EXTERNAL_STORAGE" />
18-->[:image_picker] AndroidManifest.xml:7:5-80
18-->[:image_picker] AndroidManifest.xml:7:22-77
19    <uses-permission android:name="android.permission.WRITE_EXTERNAL_STORAGE" />
19-->[:image_picker] AndroidManifest.xml:8:5-81
19-->[:image_picker] AndroidManifest.xml:8:22-78
20    <uses-permission android:name="android.permission.ACCESS_NETWORK_STATE" />
20-->[com.google.firebase:firebase-iid:18.0.0] AndroidManifest.xml:22:5-79
20-->[com.google.firebase:firebase-iid:18.0.0] AndroidManifest.xml:22:22-76
21    <uses-permission android:name="android.permission.WAKE_LOCK" /> <!-- Required by older versions of Google Play services to create IID tokens -->
21-->[com.google.firebase:firebase-iid:18.0.0] AndroidManifest.xml:24:5-68
21-->[com.google.firebase:firebase-iid:18.0.0] AndroidManifest.xml:24:22-65
22    <uses-permission android:name="com.google.android.c2dm.permission.RECEIVE" />
22-->[com.google.firebase:firebase-iid:18.0.0] AndroidManifest.xml:26:5-82
22-->[com.google.firebase:firebase-iid:18.0.0] AndroidManifest.xml:26:22-79
23    <!--
24 io.flutter.app.FlutterApplication is an android.app.Application that
25         calls FlutterMain.startInitialization(this); in its onCreate method.
26         In most cases you can leave this as-is, but you if you want to provide
27         additional functionality it is fine to subclass or reimplement
28         FlutterApplication and put your custom class here.
29    -->
30    <application
30-->src/main/AndroidManifest.xml:8:5-36:19
31        android:name="io.flutter.app.FlutterApplication"
31-->src/main/AndroidManifest.xml:9:9-57
32        android:appComponentFactory="androidx.core.app.CoreComponentFactory"
32-->[androidx.core:core:1.0.2] AndroidManifest.xml:22:18-86
33        android:debuggable="true"
34        android:icon="@mipmap/ic_launcher"
34-->src/main/AndroidManifest.xml:11:9-43
35        android:label="monex" >
35-->src/main/AndroidManifest.xml:10:9-30
36        <activity
36-->src/main/AndroidManifest.xml:12:9-23:20
37            android:name="com.example.monex.MainActivity"
37-->src/main/AndroidManifest.xml:13:13-41
38            android:configChanges="orientation|keyboardHidden|keyboard|screenSize|smallestScreenSize|locale|layoutDirection|fontScale|screenLayout|density|uiMode"
38-->src/main/AndroidManifest.xml:16:13-163
39            android:hardwareAccelerated="true"
39-->src/main/AndroidManifest.xml:17:13-47
40            android:launchMode="singleTop"
40-->src/main/AndroidManifest.xml:14:13-43
41            android:theme="@style/LaunchTheme"
41-->src/main/AndroidManifest.xml:15:13-47
42            android:windowSoftInputMode="adjustResize" >
42-->src/main/AndroidManifest.xml:18:13-55
43            <intent-filter>
43-->src/main/AndroidManifest.xml:19:13-22:29
44                <action android:name="android.intent.action.MAIN" />
44-->src/main/AndroidManifest.xml:20:17-68
44-->src/main/AndroidManifest.xml:20:25-66
45
46                <category android:name="android.intent.category.LAUNCHER" />
46-->src/main/AndroidManifest.xml:21:17-76
46-->src/main/AndroidManifest.xml:21:27-74
47            </intent-filter>
48        </activity>
49        <!--
50             Don't delete the meta-data below.
51             This is used by the Flutter tool to generate GeneratedPluginRegistrant.java
52        -->
53        <meta-data
53-->src/main/AndroidManifest.xml:26:9-28:33
54            android:name="flutterEmbedding"
54-->src/main/AndroidManifest.xml:27:13-44
55            android:value="2" />
55-->src/main/AndroidManifest.xml:28:13-30
56        <!--
57        <meta-data
58            android:name="com.google.firebase.ml.vision.DEPENDENCIES"
59            android:value="ocr" />
60        -->
61
62
63        <!-- To use multiple models: android:value="ocr,model2,model3" -->
64        <provider
64-->[:image_picker] AndroidManifest.xml:11:9-19:20
65            android:name="io.flutter.plugins.imagepicker.ImagePickerFileProvider"
65-->[:image_picker] AndroidManifest.xml:12:13-82
66            android:authorities="com.example.monex.flutter.image_provider"
66-->[:image_picker] AndroidManifest.xml:13:13-74
67            android:exported="false"
67-->[:image_picker] AndroidManifest.xml:14:13-37
68            android:grantUriPermissions="true" >
68-->[:image_picker] AndroidManifest.xml:15:13-47
69            <meta-data
69-->[:image_picker] AndroidManifest.xml:16:13-18:75
70                android:name="android.support.FILE_PROVIDER_PATHS"
70-->[:image_picker] AndroidManifest.xml:17:17-67
71                android:resource="@xml/flutter_image_picker_file_paths" />
71-->[:image_picker] AndroidManifest.xml:18:17-72
72        </provider>
73
74        <activity
74-->[:url_launcher] AndroidManifest.xml:8:9-11:74
75            android:name="io.flutter.plugins.urllauncher.WebViewActivity"
75-->[:url_launcher] AndroidManifest.xml:9:13-74
76            android:exported="false"
76-->[:url_launcher] AndroidManifest.xml:10:13-37
77            android:theme="@android:style/Theme.NoTitleBar.Fullscreen" />
77-->[:url_launcher] AndroidManifest.xml:11:13-71
78
79        <service
79-->[:firebase_ml_vision] AndroidManifest.xml:8:9-12:19
80            android:name="com.google.firebase.components.ComponentDiscoveryService"
80-->[:firebase_ml_vision] AndroidManifest.xml:8:18-89
81            android:exported="false" >
81-->[com.google.firebase:firebase-iid:18.0.0] AndroidManifest.xml:31:13-37
82            <meta-data
82-->[:firebase_ml_vision] AndroidManifest.xml:9:13-11:85
83                android:name="com.google.firebase.components:io.flutter.plugins.firebasemlvision.FlutterFirebaseAppRegistrar"
83-->[:firebase_ml_vision] AndroidManifest.xml:10:17-126
84                android:value="com.google.firebase.components.ComponentRegistrar" />
84-->[:firebase_ml_vision] AndroidManifest.xml:11:17-82
85            <meta-data
85-->[com.google.firebase:firebase-iid:18.0.0] AndroidManifest.xml:32:13-34:85
86                android:name="com.google.firebase.components:com.google.firebase.iid.Registrar"
86-->[com.google.firebase:firebase-iid:18.0.0] AndroidManifest.xml:33:17-96
87                android:value="com.google.firebase.components.ComponentRegistrar" />
87-->[com.google.firebase:firebase-iid:18.0.0] AndroidManifest.xml:34:17-82
88        </service>
89
90        <receiver
90-->[com.google.firebase:firebase-iid:18.0.0] AndroidManifest.xml:37:9-44:20
91            android:name="com.google.firebase.iid.FirebaseInstanceIdReceiver"
91-->[com.google.firebase:firebase-iid:18.0.0] AndroidManifest.xml:38:13-78
92            android:exported="true"
92-->[com.google.firebase:firebase-iid:18.0.0] AndroidManifest.xml:39:13-36
93            android:permission="com.google.android.c2dm.permission.SEND" >
93-->[com.google.firebase:firebase-iid:18.0.0] AndroidManifest.xml:40:13-73
94            <intent-filter>
94-->[com.google.firebase:firebase-iid:18.0.0] AndroidManifest.xml:41:13-43:29
95                <action android:name="com.google.android.c2dm.intent.RECEIVE" />
95-->[com.google.firebase:firebase-iid:18.0.0] AndroidManifest.xml:42:17-81
95-->[com.google.firebase:firebase-iid:18.0.0] AndroidManifest.xml:42:25-78
96            </intent-filter>
97        </receiver>
98
99        <provider
99-->[com.google.firebase:firebase-common:17.0.0] AndroidManifest.xml:12:9-16:39
100            android:name="com.google.firebase.provider.FirebaseInitProvider"
100-->[com.google.firebase:firebase-common:17.0.0] AndroidManifest.xml:13:13-77
101            android:authorities="com.example.monex.firebaseinitprovider"
101-->[com.google.firebase:firebase-common:17.0.0] AndroidManifest.xml:14:13-72
102            android:exported="false"
102-->[com.google.firebase:firebase-common:17.0.0] AndroidManifest.xml:15:13-37
103            android:initOrder="100" />
103-->[com.google.firebase:firebase-common:17.0.0] AndroidManifest.xml:16:13-36
104
105        <activity
105-->[com.google.android.gms:play-services-base:16.0.1] AndroidManifest.xml:23:9-26:75
106            android:name="com.google.android.gms.common.api.GoogleApiActivity"
106-->[com.google.android.gms:play-services-base:16.0.1] AndroidManifest.xml:24:13-79
107            android:exported="false"
107-->[com.google.android.gms:play-services-base:16.0.1] AndroidManifest.xml:25:13-37
108            android:theme="@android:style/Theme.Translucent.NoTitleBar" />
108-->[com.google.android.gms:play-services-base:16.0.1] AndroidManifest.xml:26:13-72
109
110        <meta-data
110-->[com.google.android.gms:play-services-basement:16.1.0] AndroidManifest.xml:23:9-25:69
111            android:name="com.google.android.gms.version"
111-->[com.google.android.gms:play-services-basement:16.1.0] AndroidManifest.xml:24:13-58
112            android:value="@integer/google_play_services_version" />
112-->[com.google.android.gms:play-services-basement:16.1.0] AndroidManifest.xml:25:13-66
113    </application>
114
115</manifest>